<?xml version="1.0" encoding="UTF-8"?>
<testng-results skipped="0" failed="0" ignored="0" total="1" passed="1">
  <reporter-output>
  </reporter-output>
  <suite name="headlessBrowser.HTMLUnitDriverTest" duration-ms="4966" started-at="2018-12-20T08:29:15Z" finished-at="2018-12-20T08:29:20Z">
    <groups>
    </groups>
    <test name="Command line test" duration-ms="4966" started-at="2018-12-20T08:29:15Z" finished-at="2018-12-20T08:29:20Z">
      <class name="headlessBrowser.HTMLUnitDriverTest">
        <test-method status="PASS" signature="headLessBrowser()[pri:0, instance:headlessBrowser.HTMLUnitDriverTest@b2c100]" name="headLessBrowser" duration-ms="4934" started-at="2018-12-20T08:29:15Z" finished-at="2018-12-20T08:29:20Z">
          <reporter-output>
          </reporter-output>
        </test-method> <!-- headLessBrowser -->
      </class> <!-- headlessBrowser.HTMLUnitDriverTest -->
    </test> <!-- Command line test -->
  </suite> <!-- headlessBrowser.HTMLUnitDriverTest -->
</testng-results>
